<?xml version="1.0" encoding="UTF-8"?>
<!-- Generated by org.testng.reporters.JUnitXMLReporter -->
<testsuite ignored="4" hostname="kali" failures="0" tests="2" name="Test" time="21.949" errors="0" timestamp="2024-09-23T23:14:03 IST">
  <testcase classname="TestClasses.CreateContactTest" name="CreateContact" time="6.525"/>
  <testcase classname="TestClasses.CreateOrganizationTest" name="createOrg" time="6.118"/>
  <testcase classname="com.vtiger.genericUtilities.Base" name="@BeforeSuite bsconfig" time="0.0">
    <ignored/>
  </testcase> <!-- @BeforeSuite bsconfig -->
  <testcase classname="com.vtiger.genericUtilities.Base" name="@BeforeSuite bsconfig" time="0.0">
    <ignored/>
  </testcase> <!-- @BeforeSuite bsconfig -->
  <testcase classname="com.vtiger.genericUtilities.Base" name="@AfterSuite asconfig" time="0.0">
    <ignored/>
  </testcase> <!-- @AfterSuite asconfig -->
  <testcase classname="com.vtiger.genericUtilities.Base" name="@AfterSuite asconfig" time="0.0">
    <ignored/>
  </testcase> <!-- @AfterSuite asconfig -->
</testsuite> <!-- Test -->
