<?xml version="1.0" encoding="UTF-8"?>
<!-- Generated by org.testng.reporters.JUnitXMLReporter -->
<testsuite ignored="4" hostname="HARSH-PC" failures="0" tests="2" name="Test" time="29.306" errors="0" timestamp="2024-09-04T20:03:12 IST">
  <testcase classname="TestClasses.CreateContactTest" name="CreateContact" time="8.369"/>
  <testcase classname="TestClasses.CreateOrganizationTest" name="createOrg" time="7.592"/>
  <testcase classname="com.vtiger.genericUtilities.Base" name="@BeforeSuite bsconfig" time="0.0">
    <ignored/>
  </testcase> <!-- @BeforeSuite bsconfig -->
  <testcase classname="com.vtiger.genericUtilities.Base" name="@BeforeSuite bsconfig" time="0.0">
    <ignored/>
  </testcase> <!-- @BeforeSuite bsconfig -->
  <testcase classname="com.vtiger.genericUtilities.Base" name="@AfterSuite asconfig" time="0.0">
    <ignored/>
  </testcase> <!-- @AfterSuite asconfig -->
  <testcase classname="com.vtiger.genericUtilities.Base" name="@AfterSuite asconfig" time="0.0">
    <ignored/>
  </testcase> <!-- @AfterSuite asconfig -->
</testsuite> <!-- Test -->
