<?xml version="1.0" encoding="UTF-8"?>
<testng-results ignored="0" total="2" passed="2" failed="0" skipped="0">
  <reporter-output>
    <line>
      <![CDATA[===DB CONNECTION===]]>
    </line>
    <line>
      <![CDATA[Chrome browser has Launched]]>
    </line>
    <line>
      <![CDATA[Launch Browser]]>
    </line>
    <line>
      <![CDATA[User has successfully logged in to app]]>
    </line>
    <line>
      <![CDATA[Contact is created successfully and test case is passed]]>
    </line>
    <line>
      <![CDATA[User has logged out from application successfully]]>
    </line>
    <line>
      <![CDATA[Close Browser]]>
    </line>
    <line>
      <![CDATA[Chrome browser has Launched]]>
    </line>
    <line>
      <![CDATA[Launch Browser]]>
    </line>
    <line>
      <![CDATA[User has successfully logged in to app]]>
    </line>
    <line>
      <![CDATA[Organization is created successfully and test case is passed]]>
    </line>
    <line>
      <![CDATA[User has logged out from application successfully]]>
    </line>
    <line>
      <![CDATA[Close Browser]]>
    </line>
    <line>
      <![CDATA[===DB DISCONNECTION===]]>
    </line>
  </reporter-output>
  <suite started-at="2024-09-23T23:29:07 IST" name="Suite" finished-at="2024-09-23T23:29:28 IST" duration-ms="20499">
    <groups>
    </groups>
    <test started-at="2024-09-23T23:29:07 IST" name="Test" finished-at="2024-09-23T23:29:28 IST" duration-ms="20499">
      <class name="TestClasses.CreateContactTest">
        <test-method is-config="true" signature="bsconfig()[pri:0, instance:TestClasses.CreateContactTest@19835e64]" started-at="2024-09-23T23:29:07 IST" name="bsconfig" finished-at="2024-09-23T23:29:07 IST" duration-ms="9" status="PASS">
          <reporter-output>
            <line>
              <![CDATA[===DB CONNECTION===]]>
            </line>
          </reporter-output>
        </test-method> <!-- bsconfig -->
        <test-method is-config="true" signature="bcconfig()[pri:0, instance:TestClasses.CreateContactTest@19835e64]" started-at="2024-09-23T23:29:07 IST" name="bcconfig" finished-at="2024-09-23T23:29:08 IST" duration-ms="1241" status="PASS">
          <reporter-output>
            <line>
              <![CDATA[Chrome browser has Launched]]>
            </line>
            <line>
              <![CDATA[Launch Browser]]>
            </line>
          </reporter-output>
        </test-method> <!-- bcconfig -->
        <test-method is-config="true" signature="loginToApp()[pri:0, instance:TestClasses.CreateContactTest@19835e64]" started-at="2024-09-23T23:29:08 IST" name="loginToApp" finished-at="2024-09-23T23:29:10 IST" duration-ms="1761" status="PASS">
          <reporter-output>
            <line>
              <![CDATA[User has successfully logged in to app]]>
            </line>
          </reporter-output>
        </test-method> <!-- loginToApp -->
        <test-method signature="CreateContact()[pri:0, instance:TestClasses.CreateContactTest@19835e64]" started-at="2024-09-23T23:29:10 IST" name="CreateContact" finished-at="2024-09-23T23:29:16 IST" duration-ms="6256" status="PASS">
          <reporter-output>
            <line>
              <![CDATA[Contact is created successfully and test case is passed]]>
            </line>
          </reporter-output>
        </test-method> <!-- CreateContact -->
        <test-method is-config="true" signature="logoutFromApp()[pri:0, instance:TestClasses.CreateContactTest@19835e64]" started-at="2024-09-23T23:29:16 IST" name="logoutFromApp" finished-at="2024-09-23T23:29:17 IST" duration-ms="970" status="PASS">
          <reporter-output>
            <line>
              <![CDATA[User has logged out from application successfully]]>
            </line>
          </reporter-output>
        </test-method> <!-- logoutFromApp -->
        <test-method is-config="true" signature="tearDown()[pri:0, instance:TestClasses.CreateContactTest@19835e64]" started-at="2024-09-23T23:29:17 IST" name="tearDown" finished-at="2024-09-23T23:29:17 IST" duration-ms="72" status="PASS">
          <reporter-output>
            <line>
              <![CDATA[Close Browser]]>
            </line>
          </reporter-output>
        </test-method> <!-- tearDown -->
        <test-method is-config="true" signature="asconfig()[pri:0, instance:TestClasses.CreateContactTest@19835e64]" started-at="2024-09-23T23:29:28 IST" name="asconfig" finished-at="2024-09-23T23:29:28 IST" duration-ms="1" status="PASS">
          <reporter-output>
            <line>
              <![CDATA[===DB DISCONNECTION===]]>
            </line>
          </reporter-output>
        </test-method> <!-- asconfig -->
      </class> <!-- TestClasses.CreateContactTest -->
      <class name="TestClasses.CreateOrganizationTest">
        <test-method is-config="true" signature="bcconfig()[pri:0, instance:TestClasses.CreateOrganizationTest@63787180]" started-at="2024-09-23T23:29:17 IST" name="bcconfig" finished-at="2024-09-23T23:29:18 IST" duration-ms="814" status="PASS">
          <reporter-output>
            <line>
              <![CDATA[Chrome browser has Launched]]>
            </line>
            <line>
              <![CDATA[Launch Browser]]>
            </line>
          </reporter-output>
        </test-method> <!-- bcconfig -->
        <test-method is-config="true" signature="loginToApp()[pri:0, instance:TestClasses.CreateOrganizationTest@63787180]" started-at="2024-09-23T23:29:18 IST" name="loginToApp" finished-at="2024-09-23T23:29:20 IST" duration-ms="1759" status="PASS">
          <reporter-output>
            <line>
              <![CDATA[User has successfully logged in to app]]>
            </line>
          </reporter-output>
        </test-method> <!-- loginToApp -->
        <test-method signature="createOrg()[pri:0, instance:TestClasses.CreateOrganizationTest@63787180]" started-at="2024-09-23T23:29:20 IST" name="createOrg" finished-at="2024-09-23T23:29:27 IST" duration-ms="6529" status="PASS">
          <reporter-output>
            <line>
              <![CDATA[Organization is created successfully and test case is passed]]>
            </line>
          </reporter-output>
        </test-method> <!-- createOrg -->
        <test-method is-config="true" signature="logoutFromApp()[pri:0, instance:TestClasses.CreateOrganizationTest@63787180]" started-at="2024-09-23T23:29:27 IST" name="logoutFromApp" finished-at="2024-09-23T23:29:28 IST" duration-ms="916" status="PASS">
          <reporter-output>
            <line>
              <![CDATA[User has logged out from application successfully]]>
            </line>
          </reporter-output>
        </test-method> <!-- logoutFromApp -->
        <test-method is-config="true" signature="tearDown()[pri:0, instance:TestClasses.CreateOrganizationTest@63787180]" started-at="2024-09-23T23:29:28 IST" name="tearDown" finished-at="2024-09-23T23:29:28 IST" duration-ms="71" status="PASS">
          <reporter-output>
            <line>
              <![CDATA[Close Browser]]>
            </line>
          </reporter-output>
        </test-method> <!-- tearDown -->
      </class> <!-- TestClasses.CreateOrganizationTest -->
    </test> <!-- Test -->
  </suite> <!-- Suite -->
</testng-results>
