<?xml version="1.0" encoding="UTF-8"?>
<testsuite xmlns:xsi="http://www.w3.org/2001/XMLSchema-instance" xsi:noNamespaceSchemaLocation="https://maven.apache.org/surefire/maven-surefire-plugin/xsd/surefire-test-report.xsd" version="3.0.2" name="TestSuite" time="21.207" tests="2" errors="0" skipped="0" failures="0">
  <properties>
[...]
</properties>
  <testcase name="CreateContact" classname="TestClasses.CreateContactTest" time="6.177">
    <system-out><![CDATA[===DB CONNECTION===
Chrome browser has Launched
Launch Browser
User has successfully logged in to app
]]></system-out>
    <system-err><![CDATA[Sep 23, 2024 11:19:21 PM org.openqa.selenium.devtools.CdpVersionFinder findNearestMatch
WARNING: Unable to find an exact match for CDP version 129, returning the closest version; found: 128; Please update to a Selenium version that supports CDP version 129
]]></system-err>
  </testcase>
  <testcase name="createOrg" classname="TestClasses.CreateOrganizationTest" time="6.532">
    <system-out><![CDATA[User has logged out from application successfully
Close Browser
Chrome browser has Launched
Launch Browser
User has successfully logged in to app
]]></system-out>
    <system-err><![CDATA[Sep 23, 2024 11:19:31 PM org.openqa.selenium.devtools.CdpVersionFinder findNearestMatch
WARNING: Unable to find an exact match for CDP version 129, returning the closest version; found: 128; Please update to a Selenium version that supports CDP version 129
]]></system-err>
  </testcase>
</testsuite>