<?xml version="1.0" encoding="UTF-8"?>
<testsuite xmlns:xsi="http://www.w3.org/2001/XMLSchema-instance" xsi:noNamespaceSchemaLocation="https://maven.apache.org/surefire/maven-surefire-plugin/xsd/surefire-test-report.xsd" version="3.0.2" name="TestSuite" time="30.716" tests="2" errors="0" skipped="0" failures="0">
  <properties>
[...]
</properties>
  <testcase name="CreateContact" classname="TestClasses.CreateContactTest" time="8.386">
    <system-out><![CDATA[===DB CONNECTION===
Chrome browser has Launched
Launch Browser
User has successfully logged in to app
]]></system-out>
    <system-err><![CDATA[Sep 04, 2024 8:02:45 PM org.openqa.selenium.devtools.CdpVersionFinder findNearestMatch
WARNING: Unable to find an exact match for CDP version 128, returning the closest version; found: 127; Please update to a Selenium version that supports CDP version 128
]]></system-err>
  </testcase>
  <testcase name="createOrg" classname="TestClasses.CreateOrganizationTest" time="7.577">
    <system-out><![CDATA[User has logged out from application successfully
Close Browser
Chrome browser has Launched
Launch Browser
User has successfully logged in to app
]]></system-out>
    <system-err><![CDATA[Sep 04, 2024 8:02:59 PM org.openqa.selenium.devtools.CdpVersionFinder findNearestMatch
WARNING: Unable to find an exact match for CDP version 128, returning the closest version; found: 127; Please update to a Selenium version that supports CDP version 128
]]></system-err>
  </testcase>
</testsuite>