<?xml version="1.0" encoding="UTF-8"?>
<testng-results ignored="4" total="6" passed="2" failed="0" skipped="0">
  <reporter-output>
    <line>
      <![CDATA[===DB CONNECTION===]]>
    </line>
    <line>
      <![CDATA[Chrome browser has Launched]]>
    </line>
    <line>
      <![CDATA[Launch Browser]]>
    </line>
    <line>
      <![CDATA[User has successfully logged in to app]]>
    </line>
    <line>
      <![CDATA[Contact is created successfully and test case is passed]]>
    </line>
    <line>
      <![CDATA[User has logged out from application successfully]]>
    </line>
    <line>
      <![CDATA[Close Browser]]>
    </line>
    <line>
      <![CDATA[Chrome browser has Launched]]>
    </line>
    <line>
      <![CDATA[Launch Browser]]>
    </line>
    <line>
      <![CDATA[User has successfully logged in to app]]>
    </line>
    <line>
      <![CDATA[Organization is created successfully and test case is passed]]>
    </line>
    <line>
      <![CDATA[User has logged out from application successfully]]>
    </line>
    <line>
      <![CDATA[Close Browser]]>
    </line>
    <line>
      <![CDATA[===DB DISCONNECTION===]]>
    </line>
  </reporter-output>
  <suite started-at="2024-09-23T23:13:41 IST" name="Suite" finished-at="2024-09-23T23:14:03 IST" duration-ms="21949">
    <groups>
    </groups>
    <test started-at="2024-09-23T23:13:41 IST" name="Test" finished-at="2024-09-23T23:14:03 IST" duration-ms="21949">
      <class name="TestClasses.CreateContactTest">
        <test-method is-config="true" signature="bsconfig()[pri:0, instance:TestClasses.CreateContactTest@1941a8ff]" started-at="2024-09-23T23:13:41 IST" name="bsconfig" finished-at="2024-09-23T23:13:41 IST" duration-ms="12" status="PASS">
          <reporter-output>
            <line>
              <![CDATA[===DB CONNECTION===]]>
            </line>
          </reporter-output>
        </test-method> <!-- bsconfig -->
        <test-method is-config="true" signature="bcconfig()[pri:0, instance:TestClasses.CreateContactTest@1941a8ff]" started-at="2024-09-23T23:13:41 IST" name="bcconfig" finished-at="2024-09-23T23:13:44 IST" duration-ms="3044" status="PASS">
          <reporter-output>
            <line>
              <![CDATA[Chrome browser has Launched]]>
            </line>
            <line>
              <![CDATA[Launch Browser]]>
            </line>
          </reporter-output>
        </test-method> <!-- bcconfig -->
        <test-method is-config="true" signature="loginToApp()[pri:0, instance:TestClasses.CreateContactTest@1941a8ff]" started-at="2024-09-23T23:13:44 IST" name="loginToApp" finished-at="2024-09-23T23:13:46 IST" duration-ms="1688" status="PASS">
          <reporter-output>
            <line>
              <![CDATA[User has successfully logged in to app]]>
            </line>
          </reporter-output>
        </test-method> <!-- loginToApp -->
        <test-method signature="CreateContact()[pri:0, instance:TestClasses.CreateContactTest@1941a8ff]" started-at="2024-09-23T23:13:46 IST" name="CreateContact" finished-at="2024-09-23T23:13:52 IST" duration-ms="6525" status="PASS">
          <reporter-output>
            <line>
              <![CDATA[Contact is created successfully and test case is passed]]>
            </line>
          </reporter-output>
        </test-method> <!-- CreateContact -->
        <test-method is-config="true" signature="logoutFromApp()[pri:0, instance:TestClasses.CreateContactTest@1941a8ff]" started-at="2024-09-23T23:13:52 IST" name="logoutFromApp" finished-at="2024-09-23T23:13:53 IST" duration-ms="896" status="PASS">
          <reporter-output>
            <line>
              <![CDATA[User has logged out from application successfully]]>
            </line>
          </reporter-output>
        </test-method> <!-- logoutFromApp -->
        <test-method is-config="true" signature="tearDown()[pri:0, instance:TestClasses.CreateContactTest@1941a8ff]" started-at="2024-09-23T23:13:53 IST" name="tearDown" finished-at="2024-09-23T23:13:53 IST" duration-ms="76" status="PASS">
          <reporter-output>
            <line>
              <![CDATA[Close Browser]]>
            </line>
          </reporter-output>
        </test-method> <!-- tearDown -->
        <test-method is-config="true" signature="asconfig()[pri:0, instance:TestClasses.CreateContactTest@1941a8ff]" started-at="2024-09-23T23:14:03 IST" name="asconfig" finished-at="2024-09-23T23:14:03 IST" duration-ms="0" status="PASS">
          <reporter-output>
            <line>
              <![CDATA[===DB DISCONNECTION===]]>
            </line>
          </reporter-output>
        </test-method> <!-- asconfig -->
      </class> <!-- TestClasses.CreateContactTest -->
      <class name="TestClasses.CreateOrganizationTest">
        <test-method is-config="true" signature="bcconfig()[pri:0, instance:TestClasses.CreateOrganizationTest@e19bb76]" started-at="2024-09-23T23:13:53 IST" name="bcconfig" finished-at="2024-09-23T23:13:54 IST" duration-ms="788" status="PASS">
          <reporter-output>
            <line>
              <![CDATA[Chrome browser has Launched]]>
            </line>
            <line>
              <![CDATA[Launch Browser]]>
            </line>
          </reporter-output>
        </test-method> <!-- bcconfig -->
        <test-method is-config="true" signature="loginToApp()[pri:0, instance:TestClasses.CreateOrganizationTest@e19bb76]" started-at="2024-09-23T23:13:54 IST" name="loginToApp" finished-at="2024-09-23T23:13:56 IST" duration-ms="1693" status="PASS">
          <reporter-output>
            <line>
              <![CDATA[User has successfully logged in to app]]>
            </line>
          </reporter-output>
        </test-method> <!-- loginToApp -->
        <test-method signature="createOrg()[pri:0, instance:TestClasses.CreateOrganizationTest@e19bb76]" started-at="2024-09-23T23:13:56 IST" name="createOrg" finished-at="2024-09-23T23:14:02 IST" duration-ms="6118" status="PASS">
          <reporter-output>
            <line>
              <![CDATA[Organization is created successfully and test case is passed]]>
            </line>
          </reporter-output>
        </test-method> <!-- createOrg -->
        <test-method is-config="true" signature="logoutFromApp()[pri:0, instance:TestClasses.CreateOrganizationTest@e19bb76]" started-at="2024-09-23T23:14:02 IST" name="logoutFromApp" finished-at="2024-09-23T23:14:03 IST" duration-ms="925" status="PASS">
          <reporter-output>
            <line>
              <![CDATA[User has logged out from application successfully]]>
            </line>
          </reporter-output>
        </test-method> <!-- logoutFromApp -->
        <test-method is-config="true" signature="tearDown()[pri:0, instance:TestClasses.CreateOrganizationTest@e19bb76]" started-at="2024-09-23T23:14:03 IST" name="tearDown" finished-at="2024-09-23T23:14:03 IST" duration-ms="71" status="PASS">
          <reporter-output>
            <line>
              <![CDATA[Close Browser]]>
            </line>
          </reporter-output>
        </test-method> <!-- tearDown -->
      </class> <!-- TestClasses.CreateOrganizationTest -->
    </test> <!-- Test -->
  </suite> <!-- Suite -->
</testng-results>
