<?xml version="1.0" encoding="UTF-8"?>
<testng-results ignored="4" total="6" passed="2" failed="0" skipped="0">
  <reporter-output>
    <line>
      <![CDATA[===DB CONNECTION===]]>
    </line>
    <line>
      <![CDATA[Chrome browser has Launched]]>
    </line>
    <line>
      <![CDATA[Launch Browser]]>
    </line>
    <line>
      <![CDATA[User has successfully logged in to app]]>
    </line>
    <line>
      <![CDATA[Contact is created successfully and test case is passed]]>
    </line>
    <line>
      <![CDATA[User has logged out from application successfully]]>
    </line>
    <line>
      <![CDATA[Close Browser]]>
    </line>
    <line>
      <![CDATA[Chrome browser has Launched]]>
    </line>
    <line>
      <![CDATA[Launch Browser]]>
    </line>
    <line>
      <![CDATA[User has successfully logged in to app]]>
    </line>
    <line>
      <![CDATA[Organization is created successfully and test case is passed]]>
    </line>
    <line>
      <![CDATA[User has logged out from application successfully]]>
    </line>
    <line>
      <![CDATA[Close Browser]]>
    </line>
    <line>
      <![CDATA[===DB DISCONNECTION===]]>
    </line>
  </reporter-output>
  <suite started-at="2024-09-04T21:40:34 IST" name="Suite" finished-at="2024-09-04T21:41:02 IST" duration-ms="28019">
    <groups>
    </groups>
    <test started-at="2024-09-04T21:40:34 IST" name="Test" finished-at="2024-09-04T21:41:02 IST" duration-ms="28019">
      <class name="TestClasses.CreateContactTest">
        <test-method is-config="true" signature="bsconfig()[pri:0, instance:TestClasses.CreateContactTest@7241a47d]" started-at="2024-09-04T21:40:34 IST" name="bsconfig" finished-at="2024-09-04T21:40:34 IST" duration-ms="14" status="PASS">
          <reporter-output>
            <line>
              <![CDATA[===DB CONNECTION===]]>
            </line>
          </reporter-output>
        </test-method> <!-- bsconfig -->
        <test-method is-config="true" signature="bcconfig()[pri:0, instance:TestClasses.CreateContactTest@7241a47d]" started-at="2024-09-04T21:40:34 IST" name="bcconfig" finished-at="2024-09-04T21:40:38 IST" duration-ms="4563" status="PASS">
          <reporter-output>
            <line>
              <![CDATA[Chrome browser has Launched]]>
            </line>
            <line>
              <![CDATA[Launch Browser]]>
            </line>
          </reporter-output>
        </test-method> <!-- bcconfig -->
        <test-method is-config="true" signature="loginToApp()[pri:0, instance:TestClasses.CreateContactTest@7241a47d]" started-at="2024-09-04T21:40:38 IST" name="loginToApp" finished-at="2024-09-04T21:40:41 IST" duration-ms="2200" status="PASS">
          <reporter-output>
            <line>
              <![CDATA[User has successfully logged in to app]]>
            </line>
          </reporter-output>
        </test-method> <!-- loginToApp -->
        <test-method signature="CreateContact()[pri:0, instance:TestClasses.CreateContactTest@7241a47d]" started-at="2024-09-04T21:40:41 IST" name="CreateContact" finished-at="2024-09-04T21:40:48 IST" duration-ms="7020" status="PASS">
          <reporter-output>
            <line>
              <![CDATA[Contact is created successfully and test case is passed]]>
            </line>
          </reporter-output>
        </test-method> <!-- CreateContact -->
        <test-method is-config="true" signature="logoutFromApp()[pri:0, instance:TestClasses.CreateContactTest@7241a47d]" started-at="2024-09-04T21:40:48 IST" name="logoutFromApp" finished-at="2024-09-04T21:40:49 IST" duration-ms="1148" status="PASS">
          <reporter-output>
            <line>
              <![CDATA[User has logged out from application successfully]]>
            </line>
          </reporter-output>
        </test-method> <!-- logoutFromApp -->
        <test-method is-config="true" signature="tearDown()[pri:0, instance:TestClasses.CreateContactTest@7241a47d]" started-at="2024-09-04T21:40:49 IST" name="tearDown" finished-at="2024-09-04T21:40:49 IST" duration-ms="190" status="PASS">
          <reporter-output>
            <line>
              <![CDATA[Close Browser]]>
            </line>
          </reporter-output>
        </test-method> <!-- tearDown -->
        <test-method is-config="true" signature="asconfig()[pri:0, instance:TestClasses.CreateContactTest@7241a47d]" started-at="2024-09-04T21:41:02 IST" name="asconfig" finished-at="2024-09-04T21:41:02 IST" duration-ms="0" status="PASS">
          <reporter-output>
            <line>
              <![CDATA[===DB DISCONNECTION===]]>
            </line>
          </reporter-output>
        </test-method> <!-- asconfig -->
      </class> <!-- TestClasses.CreateContactTest -->
      <class name="TestClasses.CreateOrganizationTest">
        <test-method is-config="true" signature="bcconfig()[pri:0, instance:TestClasses.CreateOrganizationTest@41d426b5]" started-at="2024-09-04T21:40:49 IST" name="bcconfig" finished-at="2024-09-04T21:40:51 IST" duration-ms="1927" status="PASS">
          <reporter-output>
            <line>
              <![CDATA[Chrome browser has Launched]]>
            </line>
            <line>
              <![CDATA[Launch Browser]]>
            </line>
          </reporter-output>
        </test-method> <!-- bcconfig -->
        <test-method is-config="true" signature="loginToApp()[pri:0, instance:TestClasses.CreateOrganizationTest@41d426b5]" started-at="2024-09-04T21:40:51 IST" name="loginToApp" finished-at="2024-09-04T21:40:53 IST" duration-ms="1913" status="PASS">
          <reporter-output>
            <line>
              <![CDATA[User has successfully logged in to app]]>
            </line>
          </reporter-output>
        </test-method> <!-- loginToApp -->
        <test-method signature="createOrg()[pri:0, instance:TestClasses.CreateOrganizationTest@41d426b5]" started-at="2024-09-04T21:40:53 IST" name="createOrg" finished-at="2024-09-04T21:41:00 IST" duration-ms="7140" status="PASS">
          <reporter-output>
            <line>
              <![CDATA[Organization is created successfully and test case is passed]]>
            </line>
          </reporter-output>
        </test-method> <!-- createOrg -->
        <test-method is-config="true" signature="logoutFromApp()[pri:0, instance:TestClasses.CreateOrganizationTest@41d426b5]" started-at="2024-09-04T21:41:00 IST" name="logoutFromApp" finished-at="2024-09-04T21:41:01 IST" duration-ms="1384" status="PASS">
          <reporter-output>
            <line>
              <![CDATA[User has logged out from application successfully]]>
            </line>
          </reporter-output>
        </test-method> <!-- logoutFromApp -->
        <test-method is-config="true" signature="tearDown()[pri:0, instance:TestClasses.CreateOrganizationTest@41d426b5]" started-at="2024-09-04T21:41:01 IST" name="tearDown" finished-at="2024-09-04T21:41:02 IST" duration-ms="356" status="PASS">
          <reporter-output>
            <line>
              <![CDATA[Close Browser]]>
            </line>
          </reporter-output>
        </test-method> <!-- tearDown -->
      </class> <!-- TestClasses.CreateOrganizationTest -->
    </test> <!-- Test -->
  </suite> <!-- Suite -->
</testng-results>
